<?xml version="1.0" encoding="UTF-8"?>
<coverage generated="1630537816752" clover="3.2.0">
  <project timestamp="1630537816752" name="All files">
    <metrics statements="24" coveredstatements="12" conditionals="6" coveredconditionals="5" methods="4" coveredmethods="3" elements="34" coveredelements="20" complexity="0" loc="24" ncloc="24" packages="1" files="2" classes="2"/>
    <file name="Battle.js" path="C:\Users\Becket\Desktop\RPG\src\js\Battle.js">
      <metrics statements="13" coveredstatements="1" conditionals="0" coveredconditionals="0" methods="2" coveredmethods="1"/>
      <line num="3" count="0" type="stmt"/>
      <line num="4" count="0" type="stmt"/>
      <line num="5" count="0" type="stmt"/>
      <line num="6" count="0" type="stmt"/>
      <line num="8" count="0" type="stmt"/>
      <line num="9" count="0" type="stmt"/>
      <line num="10" count="0" type="stmt"/>
      <line num="11" count="0" type="stmt"/>
      <line num="12" count="0" type="stmt"/>
      <line num="13" count="0" type="stmt"/>
      <line num="14" count="0" type="stmt"/>
      <line num="15" count="0" type="stmt"/>
      <line num="21" count="2" type="stmt"/>
    </file>
    <file name="charObj.js" path="C:\Users\Becket\Desktop\RPG\src\js\charObj.js">
      <metrics statements="11" coveredstatements="11" conditionals="6" coveredconditionals="5" methods="2" coveredmethods="2"/>
      <line num="3" count="10" type="stmt"/>
      <line num="4" count="10" type="stmt"/>
      <line num="5" count="10" type="stmt"/>
      <line num="6" count="10" type="stmt"/>
      <line num="7" count="10" type="stmt"/>
      <line num="11" count="7" type="cond" truecount="2" falsecount="0"/>
      <line num="12" count="2" type="stmt"/>
      <line num="13" count="5" type="cond" truecount="2" falsecount="0"/>
      <line num="14" count="4" type="stmt"/>
      <line num="15" count="1" type="cond" truecount="1" falsecount="1"/>
      <line num="16" count="1" type="stmt"/>
    </file>
  </project>
</coverage>
