<?xml version="1.0" encoding="UTF-8"?>
<coverage generated="1630620614501" clover="3.2.0">
  <project timestamp="1630620614501" name="All files">
    <metrics statements="68" coveredstatements="30" conditionals="16" coveredconditionals="6" methods="7" coveredmethods="6" elements="91" coveredelements="42" complexity="0" loc="68" ncloc="68" packages="1" files="2" classes="2"/>
    <file name="Battle.js" path="C:\Users\Becket\Desktop\RPG\src\js\Battle.js">
      <metrics statements="26" coveredstatements="1" conditionals="4" coveredconditionals="0" methods="2" coveredmethods="1"/>
      <line num="3" count="0" type="stmt"/>
      <line num="4" count="0" type="stmt"/>
      <line num="5" count="0" type="stmt"/>
      <line num="6" count="0" type="stmt"/>
      <line num="7" count="0" type="stmt"/>
      <line num="8" count="0" type="stmt"/>
      <line num="9" count="0" type="stmt"/>
      <line num="10" count="0" type="stmt"/>
      <line num="11" count="0" type="stmt"/>
      <line num="12" count="0" type="stmt"/>
      <line num="13" count="0" type="stmt"/>
      <line num="14" count="0" type="stmt"/>
      <line num="15" count="0" type="stmt"/>
      <line num="16" count="0" type="stmt"/>
      <line num="17" count="0" type="stmt"/>
      <line num="18" count="0" type="stmt"/>
      <line num="19" count="0" type="stmt"/>
      <line num="20" count="0" type="stmt"/>
      <line num="21" count="0" type="stmt"/>
      <line num="22" count="0" type="stmt"/>
      <line num="23" count="0" type="cond" truecount="0" falsecount="2"/>
      <line num="24" count="0" type="stmt"/>
      <line num="25" count="0" type="stmt"/>
      <line num="26" count="0" type="cond" truecount="0" falsecount="2"/>
      <line num="27" count="0" type="stmt"/>
      <line num="34" count="10" type="stmt"/>
    </file>
    <file name="charObj.js" path="C:\Users\Becket\Desktop\RPG\src\js\charObj.js">
      <metrics statements="42" coveredstatements="29" conditionals="12" coveredconditionals="6" methods="5" coveredmethods="5"/>
      <line num="3" count="10" type="stmt"/>
      <line num="4" count="10" type="stmt"/>
      <line num="5" count="10" type="stmt"/>
      <line num="6" count="10" type="stmt"/>
      <line num="7" count="10" type="stmt"/>
      <line num="11" count="7" type="cond" truecount="3" falsecount="0"/>
      <line num="13" count="4" type="stmt"/>
      <line num="14" count="4" type="stmt"/>
      <line num="15" count="4" type="stmt"/>
      <line num="17" count="1" type="stmt"/>
      <line num="18" count="1" type="stmt"/>
      <line num="19" count="1" type="stmt"/>
      <line num="21" count="1" type="stmt"/>
      <line num="22" count="1" type="stmt"/>
      <line num="23" count="1" type="stmt"/>
      <line num="28" count="1" type="cond" truecount="1" falsecount="1"/>
      <line num="29" count="0" type="stmt"/>
      <line num="30" count="1" type="cond" truecount="1" falsecount="1"/>
      <line num="31" count="1" type="stmt"/>
      <line num="32" count="1" type="stmt"/>
      <line num="33" count="1" type="stmt"/>
      <line num="34" count="1" type="stmt"/>
      <line num="41" count="2" type="stmt"/>
      <line num="42" count="2" type="stmt"/>
      <line num="43" count="2" type="stmt"/>
      <line num="44" count="2" type="stmt"/>
      <line num="48" count="2" type="cond" truecount="1" falsecount="4"/>
      <line num="50" count="2" type="stmt"/>
      <line num="51" count="2" type="stmt"/>
      <line num="52" count="2" type="stmt"/>
      <line num="54" count="0" type="stmt"/>
      <line num="55" count="0" type="stmt"/>
      <line num="56" count="0" type="stmt"/>
      <line num="58" count="0" type="stmt"/>
      <line num="59" count="0" type="stmt"/>
      <line num="60" count="0" type="stmt"/>
      <line num="62" count="0" type="stmt"/>
      <line num="63" count="0" type="stmt"/>
      <line num="64" count="0" type="stmt"/>
      <line num="66" count="0" type="stmt"/>
      <line num="67" count="0" type="stmt"/>
      <line num="68" count="0" type="stmt"/>
    </file>
  </project>
</coverage>
