{"C:\\Users\\Becket\\Desktop\\RPG\\src\\js\\Battle.js": {"path":"C:\\Users\\Becket\\Desktop\\RPG\\src\\js\\Battle.js","statementMap":{"0":{"start":{"line":3,"column":16},"end":{"line":3,"column":39}},"1":{"start":{"line":4,"column":4},"end":{"line":4,"column":37}},"2":{"start":{"line":5,"column":16},"end":{"line":5,"column":39}},"3":{"start":{"line":6,"column":4},"end":{"line":6,"column":33}},"4":{"start":{"line":7,"column":22},"end":{"line":7,"column":23}},"5":{"start":{"line":8,"column":22},"end":{"line":8,"column":23}},"6":{"start":{"line":9,"column":18},"end":{"line":9,"column":34}},"7":{"start":{"line":10,"column":19},"end":{"line":10,"column":37}},"8":{"start":{"line":11,"column":18},"end":{"line":11,"column":54}},"9":{"start":{"line":12,"column":18},"end":{"line":12,"column":52}},"10":{"start":{"line":13,"column":18},"end":{"line":13,"column":52}},"11":{"start":{"line":14,"column":18},"end":{"line":14,"column":54}},"12":{"start":{"line":15,"column":4},"end":{"line":15,"column":34}},"13":{"start":{"line":16,"column":4},"end":{"line":16,"column":27}},"14":{"start":{"line":17,"column":4},"end":{"line":17,"column":27}},"15":{"start":{"line":18,"column":4},"end":{"line":18,"column":38}},"16":{"start":{"line":19,"column":4},"end":{"line":19,"column":34}},"17":{"start":{"line":20,"column":4},"end":{"line":20,"column":27}},"18":{"start":{"line":21,"column":4},"end":{"line":21,"column":27}},"19":{"start":{"line":22,"column":4},"end":{"line":22,"column":40}},"20":{"start":{"line":28,"column":2},"end":{"line":28,"column":60}}},"fnMap":{"0":{"name":"kungFu","decl":{"start":{"line":2,"column":16},"end":{"line":2,"column":22}},"loc":{"start":{"line":2,"column":25},"end":{"line":23,"column":1}},"line":2},"1":{"name":"rollDice","decl":{"start":{"line":27,"column":16},"end":{"line":27,"column":24}},"loc":{"start":{"line":27,"column":35},"end":{"line":29,"column":3}},"line":27}},"branchMap":{},"s":{"0":0,"1":0,"2":0,"3":0,"4":0,"5":0,"6":0,"7":0,"8":0,"9":0,"10":0,"11":0,"12":0,"13":0,"14":0,"15":0,"16":0,"17":0,"18":0,"19":0,"20":5},"f":{"0":0,"1":5},"b":{},"_coverageSchema":"1a1c01bbd47fc00a2c39e90264f33305004495a9","hash":"b52ad50f6fa5c41de4de4322a0889b431eff8029"}
,"C:\\Users\\Becket\\Desktop\\RPG\\src\\js\\charObj.js": {"path":"C:\\Users\\Becket\\Desktop\\RPG\\src\\js\\charObj.js","statementMap":{"0":{"start":{"line":3,"column":4},"end":{"line":3,"column":24}},"1":{"start":{"line":4,"column":4},"end":{"line":4,"column":21}},"2":{"start":{"line":5,"column":4},"end":{"line":5,"column":23}},"3":{"start":{"line":6,"column":4},"end":{"line":6,"column":17}},"4":{"start":{"line":7,"column":4},"end":{"line":7,"column":20}},"5":{"start":{"line":11,"column":4},"end":{"line":17,"column":5}},"6":{"start":{"line":12,"column":6},"end":{"line":12,"column":33}},"7":{"start":{"line":13,"column":11},"end":{"line":17,"column":5}},"8":{"start":{"line":14,"column":6},"end":{"line":14,"column":33}},"9":{"start":{"line":15,"column":11},"end":{"line":17,"column":5}},"10":{"start":{"line":16,"column":6},"end":{"line":16,"column":33}}},"fnMap":{"0":{"name":"(anonymous_0)","decl":{"start":{"line":2,"column":2},"end":{"line":2,"column":3}},"loc":{"start":{"line":2,"column":22},"end":{"line":8,"column":3}},"line":2},"1":{"name":"(anonymous_1)","decl":{"start":{"line":10,"column":2},"end":{"line":10,"column":3}},"loc":{"start":{"line":10,"column":20},"end":{"line":18,"column":3}},"line":10}},"branchMap":{"0":{"loc":{"start":{"line":11,"column":4},"end":{"line":17,"column":5}},"type":"if","locations":[{"start":{"line":11,"column":4},"end":{"line":17,"column":5}},{"start":{"line":11,"column":4},"end":{"line":17,"column":5}}],"line":11},"1":{"loc":{"start":{"line":13,"column":11},"end":{"line":17,"column":5}},"type":"if","locations":[{"start":{"line":13,"column":11},"end":{"line":17,"column":5}},{"start":{"line":13,"column":11},"end":{"line":17,"column":5}}],"line":13},"2":{"loc":{"start":{"line":15,"column":11},"end":{"line":17,"column":5}},"type":"if","locations":[{"start":{"line":15,"column":11},"end":{"line":17,"column":5}},{"start":{"line":15,"column":11},"end":{"line":17,"column":5}}],"line":15}},"s":{"0":14,"1":14,"2":14,"3":14,"4":14,"5":11,"6":4,"7":7,"8":6,"9":1,"10":1},"f":{"0":14,"1":11},"b":{"0":[4,7],"1":[6,1],"2":[1,0]},"_coverageSchema":"1a1c01bbd47fc00a2c39e90264f33305004495a9","hash":"236a26313eb9508c1c8d3f506c2c771c3dfd7425"}
}
