{"C:\\Users\\Becket\\Desktop\\RPG\\src\\js\\Battle.js": {"path":"C:\\Users\\Becket\\Desktop\\RPG\\src\\js\\Battle.js","statementMap":{"0":{"start":{"line":3,"column":16},"end":{"line":3,"column":39}},"1":{"start":{"line":4,"column":2},"end":{"line":4,"column":35}},"2":{"start":{"line":5,"column":13},"end":{"line":5,"column":32}},"3":{"start":{"line":6,"column":2},"end":{"line":6,"column":32}},"4":{"start":{"line":7,"column":20},"end":{"line":7,"column":21}},"5":{"start":{"line":8,"column":20},"end":{"line":8,"column":21}},"6":{"start":{"line":9,"column":15},"end":{"line":9,"column":30}},"7":{"start":{"line":10,"column":17},"end":{"line":10,"column":35}},"8":{"start":{"line":11,"column":16},"end":{"line":11,"column":52}},"9":{"start":{"line":12,"column":16},"end":{"line":12,"column":49}},"10":{"start":{"line":13,"column":16},"end":{"line":13,"column":49}},"11":{"start":{"line":14,"column":16},"end":{"line":14,"column":52}},"12":{"start":{"line":15,"column":2},"end":{"line":15,"column":32}},"13":{"start":{"line":16,"column":2},"end":{"line":16,"column":25}},"14":{"start":{"line":17,"column":2},"end":{"line":17,"column":25}},"15":{"start":{"line":18,"column":2},"end":{"line":18,"column":34}},"16":{"start":{"line":19,"column":2},"end":{"line":19,"column":32}},"17":{"start":{"line":20,"column":2},"end":{"line":20,"column":25}},"18":{"start":{"line":21,"column":2},"end":{"line":21,"column":25}},"19":{"start":{"line":22,"column":2},"end":{"line":22,"column":38}},"20":{"start":{"line":23,"column":2},"end":{"line":28,"column":3}},"21":{"start":{"line":24,"column":4},"end":{"line":24,"column":25}},"22":{"start":{"line":25,"column":4},"end":{"line":25,"column":51}},"23":{"start":{"line":26,"column":9},"end":{"line":28,"column":3}},"24":{"start":{"line":27,"column":4},"end":{"line":27,"column":44}},"25":{"start":{"line":34,"column":2},"end":{"line":34,"column":60}}},"fnMap":{"0":{"name":"kungFu","decl":{"start":{"line":2,"column":16},"end":{"line":2,"column":22}},"loc":{"start":{"line":2,"column":25},"end":{"line":29,"column":1}},"line":2},"1":{"name":"rollDice","decl":{"start":{"line":33,"column":16},"end":{"line":33,"column":24}},"loc":{"start":{"line":33,"column":35},"end":{"line":35,"column":3}},"line":33}},"branchMap":{"0":{"loc":{"start":{"line":23,"column":2},"end":{"line":28,"column":3}},"type":"if","locations":[{"start":{"line":23,"column":2},"end":{"line":28,"column":3}},{"start":{"line":23,"column":2},"end":{"line":28,"column":3}}],"line":23},"1":{"loc":{"start":{"line":26,"column":9},"end":{"line":28,"column":3}},"type":"if","locations":[{"start":{"line":26,"column":9},"end":{"line":28,"column":3}},{"start":{"line":26,"column":9},"end":{"line":28,"column":3}}],"line":26}},"s":{"0":0,"1":0,"2":0,"3":0,"4":0,"5":0,"6":0,"7":0,"8":0,"9":0,"10":0,"11":0,"12":0,"13":0,"14":0,"15":0,"16":0,"17":0,"18":0,"19":0,"20":0,"21":0,"22":0,"23":0,"24":0,"25":10},"f":{"0":0,"1":10},"b":{"0":[0,0],"1":[0,0]},"_coverageSchema":"1a1c01bbd47fc00a2c39e90264f33305004495a9","hash":"630f029f7f283f0ea3af258c0138cb50d8702d19"}
,"C:\\Users\\Becket\\Desktop\\RPG\\src\\js\\charObj.js": {"path":"C:\\Users\\Becket\\Desktop\\RPG\\src\\js\\charObj.js","statementMap":{"0":{"start":{"line":3,"column":4},"end":{"line":3,"column":24}},"1":{"start":{"line":4,"column":4},"end":{"line":4,"column":21}},"2":{"start":{"line":5,"column":4},"end":{"line":5,"column":23}},"3":{"start":{"line":6,"column":4},"end":{"line":6,"column":20}},"4":{"start":{"line":7,"column":4},"end":{"line":7,"column":18}},"5":{"start":{"line":11,"column":4},"end":{"line":24,"column":5}},"6":{"start":{"line":13,"column":6},"end":{"line":13,"column":33}},"7":{"start":{"line":14,"column":6},"end":{"line":14,"column":21}},"8":{"start":{"line":15,"column":6},"end":{"line":15,"column":12}},"9":{"start":{"line":17,"column":6},"end":{"line":17,"column":33}},"10":{"start":{"line":18,"column":6},"end":{"line":18,"column":21}},"11":{"start":{"line":19,"column":6},"end":{"line":19,"column":12}},"12":{"start":{"line":21,"column":6},"end":{"line":21,"column":33}},"13":{"start":{"line":22,"column":6},"end":{"line":22,"column":21}},"14":{"start":{"line":23,"column":6},"end":{"line":23,"column":12}},"15":{"start":{"line":28,"column":6},"end":{"line":35,"column":7}},"16":{"start":{"line":29,"column":8},"end":{"line":29,"column":35}},"17":{"start":{"line":30,"column":12},"end":{"line":35,"column":7}},"18":{"start":{"line":31,"column":8},"end":{"line":31,"column":30}},"19":{"start":{"line":32,"column":8},"end":{"line":32,"column":30}},"20":{"start":{"line":33,"column":8},"end":{"line":33,"column":25}},"21":{"start":{"line":34,"column":8},"end":{"line":34,"column":37}},"22":{"start":{"line":41,"column":4},"end":{"line":41,"column":26}},"23":{"start":{"line":42,"column":4},"end":{"line":42,"column":21}},"24":{"start":{"line":43,"column":4},"end":{"line":43,"column":23}},"25":{"start":{"line":44,"column":4},"end":{"line":44,"column":20}},"26":{"start":{"line":48,"column":4},"end":{"line":69,"column":5}},"27":{"start":{"line":50,"column":8},"end":{"line":50,"column":35}},"28":{"start":{"line":51,"column":8},"end":{"line":51,"column":42}},"29":{"start":{"line":52,"column":8},"end":{"line":52,"column":14}},"30":{"start":{"line":54,"column":8},"end":{"line":54,"column":35}},"31":{"start":{"line":55,"column":8},"end":{"line":55,"column":37}},"32":{"start":{"line":56,"column":8},"end":{"line":56,"column":14}},"33":{"start":{"line":58,"column":8},"end":{"line":58,"column":35}},"34":{"start":{"line":59,"column":8},"end":{"line":59,"column":35}},"35":{"start":{"line":60,"column":8},"end":{"line":60,"column":14}},"36":{"start":{"line":62,"column":8},"end":{"line":62,"column":35}},"37":{"start":{"line":63,"column":8},"end":{"line":63,"column":42}},"38":{"start":{"line":64,"column":8},"end":{"line":64,"column":14}},"39":{"start":{"line":66,"column":8},"end":{"line":66,"column":35}},"40":{"start":{"line":67,"column":8},"end":{"line":67,"column":42}},"41":{"start":{"line":68,"column":8},"end":{"line":68,"column":14}}},"fnMap":{"0":{"name":"(anonymous_0)","decl":{"start":{"line":2,"column":2},"end":{"line":2,"column":3}},"loc":{"start":{"line":2,"column":22},"end":{"line":8,"column":3}},"line":2},"1":{"name":"(anonymous_1)","decl":{"start":{"line":10,"column":2},"end":{"line":10,"column":3}},"loc":{"start":{"line":10,"column":20},"end":{"line":25,"column":3}},"line":10},"2":{"name":"(anonymous_2)","decl":{"start":{"line":27,"column":2},"end":{"line":27,"column":3}},"loc":{"start":{"line":27,"column":12},"end":{"line":36,"column":5}},"line":27},"3":{"name":"(anonymous_3)","decl":{"start":{"line":40,"column":2},"end":{"line":40,"column":3}},"loc":{"start":{"line":40,"column":23},"end":{"line":45,"column":3}},"line":40},"4":{"name":"(anonymous_4)","decl":{"start":{"line":47,"column":2},"end":{"line":47,"column":3}},"loc":{"start":{"line":47,"column":22},"end":{"line":70,"column":3}},"line":47}},"branchMap":{"0":{"loc":{"start":{"line":11,"column":4},"end":{"line":24,"column":5}},"type":"switch","locations":[{"start":{"line":12,"column":6},"end":{"line":15,"column":12}},{"start":{"line":16,"column":6},"end":{"line":19,"column":12}},{"start":{"line":20,"column":6},"end":{"line":23,"column":12}}],"line":11},"1":{"loc":{"start":{"line":28,"column":6},"end":{"line":35,"column":7}},"type":"if","locations":[{"start":{"line":28,"column":6},"end":{"line":35,"column":7}},{"start":{"line":28,"column":6},"end":{"line":35,"column":7}}],"line":28},"2":{"loc":{"start":{"line":30,"column":12},"end":{"line":35,"column":7}},"type":"if","locations":[{"start":{"line":30,"column":12},"end":{"line":35,"column":7}},{"start":{"line":30,"column":12},"end":{"line":35,"column":7}}],"line":30},"3":{"loc":{"start":{"line":48,"column":4},"end":{"line":69,"column":5}},"type":"switch","locations":[{"start":{"line":49,"column":6},"end":{"line":52,"column":14}},{"start":{"line":53,"column":6},"end":{"line":56,"column":14}},{"start":{"line":57,"column":6},"end":{"line":60,"column":14}},{"start":{"line":61,"column":6},"end":{"line":64,"column":14}},{"start":{"line":65,"column":6},"end":{"line":68,"column":14}}],"line":48}},"s":{"0":10,"1":10,"2":10,"3":10,"4":10,"5":7,"6":4,"7":4,"8":4,"9":1,"10":1,"11":1,"12":1,"13":1,"14":1,"15":1,"16":0,"17":1,"18":1,"19":1,"20":1,"21":1,"22":2,"23":2,"24":2,"25":2,"26":2,"27":2,"28":2,"29":2,"30":0,"31":0,"32":0,"33":0,"34":0,"35":0,"36":0,"37":0,"38":0,"39":0,"40":0,"41":0},"f":{"0":10,"1":7,"2":1,"3":2,"4":2},"b":{"0":[4,1,1],"1":[0,1],"2":[1,0],"3":[2,0,0,0,0]},"_coverageSchema":"1a1c01bbd47fc00a2c39e90264f33305004495a9","hash":"728f486bcccce8c13968fde3d99f5e02142a15ed"}
}
