TN:
SF:src\js\Battle.js
FN:2,kungFu
FN:20,rollDice
FNF:2
FNH:1
FNDA:0,kungFu
FNDA:3,rollDice
DA:3,0
DA:4,0
DA:5,0
DA:6,0
DA:8,0
DA:9,0
DA:10,0
DA:11,0
DA:12,0
DA:13,0
DA:14,0
DA:15,0
DA:21,3
LF:13
LH:1
BRF:0
BRH:0
end_of_record
TN:
SF:src\js\charObj.js
FN:2,(anonymous_0)
FN:10,(anonymous_1)
FNF:2
FNH:2
FNDA:12,(anonymous_0)
FNDA:9,(anonymous_1)
DA:3,12
DA:4,12
DA:5,12
DA:6,12
DA:7,12
DA:11,9
DA:12,3
DA:13,6
DA:14,5
DA:15,1
DA:16,1
LF:11
LH:11
BRDA:11,0,0,3
BRDA:11,0,1,6
BRDA:13,1,0,5
BRDA:13,1,1,1
BRDA:15,2,0,1
BRDA:15,2,1,0
BRF:6
BRH:5
end_of_record
