TN:
SF:src\js\Battle.js
FN:2,kungFu
FN:20,rollDice
FNF:2
FNH:1
FNDA:0,kungFu
FNDA:3,rollDice
DA:3,0
DA:4,0
DA:5,0
DA:6,0
DA:8,0
DA:9,0
DA:10,0
DA:11,0
DA:12,0
DA:13,0
DA:14,0
DA:15,0
DA:21,3
LF:13
LH:1
BRF:0
BRH:0
end_of_record
TN:
SF:src\js\charObj.js
FN:2,(anonymous_0)
FN:10,(anonymous_1)
FNF:2
FNH:2
FNDA:10,(anonymous_0)
FNDA:7,(anonymous_1)
DA:3,10
DA:4,10
DA:5,10
DA:6,10
DA:7,10
DA:11,7
DA:12,2
DA:13,5
DA:14,4
DA:15,1
DA:16,1
LF:11
LH:11
BRDA:11,0,0,2
BRDA:11,0,1,5
BRDA:13,1,0,4
BRDA:13,1,1,1
BRDA:15,2,0,1
BRDA:15,2,1,0
BRF:6
BRH:5
end_of_record
